<?xml version="1.0" encoding="UTF-8"?>
<!-- Generated by org.testng.reporters.JUnitReportReporter -->
<testsuite skipped="0" hostname="EN911088" name="runner.Runner" tests="1" failures="0" timestamp="21 ago 2019 15:43:43 GMT" time="7.492" errors="0">
  <testcase name="runScenario" time="7.492" classname="runner.Runner"/>
</testsuite> <!-- runner.Runner -->
