<?xml version="1.0" encoding="UTF-8"?>
<!-- Generated by org.testng.reporters.JUnitReportReporter -->
<testsuite skipped="0" hostname="EN911088" name="runner.Runner" tests="1" failures="0" timestamp="21 ago 2019 16:47:24 GMT" time="5.009" errors="0">
  <testcase name="runScenario" time="5.009" classname="runner.Runner"/>
</testsuite> <!-- runner.Runner -->
