<?xml version="1.0" encoding="UTF-8"?>
<!-- Generated by org.testng.reporters.JUnitReportReporter -->
<testsuite skipped="0" hostname="LAPTOP-K1MCI4QR" name="runner.Runner" tests="1" failures="0" timestamp="21 ago 2019 02:59:58 GMT" time="0.133" errors="0">
  <testcase name="runScenario" time="0.133" classname="runner.Runner"/>
</testsuite> <!-- runner.Runner -->
